Checking out revision a25037c87c1db0c1fd4cdfc67311a5359467b8e0 (that's the last before the deadline)
Installing the grading project
Removing Sweng2012QuizAppGrading/src/epfl/sweng/test/AuthenticationTest.java because package epfl.sweng.test is excluded from grading
Removing Sweng2012QuizAppGrading/src/epfl/sweng/test/exam2/KarmaTest.java because package epfl.sweng.test.exam2 is excluded from grading
Removing Sweng2012QuizAppGrading/src/epfl/sweng/test/fixture/FixtureServerCommunicationFactory.java because package epfl.sweng.test.fixture is excluded from grading
Removing Sweng2012QuizAppGrading/src/epfl/sweng/test/homework1/ShowQuestionsActivityTest.java because package epfl.sweng.test.homework1 is excluded from grading
Removing Sweng2012QuizAppGrading/src/epfl/sweng/test/homework3/RatingTest.java because package epfl.sweng.test.homework3 is excluded from grading
Removing Sweng2012QuizAppGrading/src/epfl/sweng/test/robotium/RobustSolo.java because package epfl.sweng.test.robotium is excluded from grading
Compiling your project with the grading tests
Executing epfl.sweng.test.homework2.MainActivityTest#testEditQuestionsActivityStarted...
PASSED: epfl.sweng.test.homework2.MainActivityTest#testEditQuestionsActivityStarted
Executing epfl.sweng.test.homework2.MainActivityTest#testShowQuestionsActivityStarted...
PASSED: epfl.sweng.test.homework2.MainActivityTest#testShowQuestionsActivityStarted
Executing epfl.sweng.test.homework2.QuizQuestionTest#test10AnswersConstructor...
PASSED: epfl.sweng.test.homework2.QuizQuestionTest#test10AnswersConstructor
Executing epfl.sweng.test.homework2.QuizQuestionTest#test10AnswersJSON...
PASSED: epfl.sweng.test.homework2.QuizQuestionTest#test10AnswersJSON
Executing epfl.sweng.test.homework2.QuizQuestionTest#test11AnswersConstructor...
PASSED: epfl.sweng.test.homework2.QuizQuestionTest#test11AnswersConstructor
Executing epfl.sweng.test.homework2.QuizQuestionTest#test11AnswersJSON...
PASSED: epfl.sweng.test.homework2.QuizQuestionTest#test11AnswersJSON

Executing epfl.sweng.test.homework2.QuizQuestionTest#testAuditErrorReturns2Constructor...
PASSED: epfl.sweng.test.homework2.QuizQuestionTest#testAuditErrorReturns2Constructor
Executing epfl.sweng.test.homework2.QuizQuestionTest#testAuditErrorReturns2JSON...
Test failed. Debug output follows...
INSTRUMENTATION_STATUS: id=InstrumentationTestRunner
INSTRUMENTATION_STATUS: current=1
INSTRUMENTATION_STATUS: class=epfl.sweng.test.homework2.QuizQuestionTest
INSTRUMENTATION_STATUS: stream=
epfl.sweng.test.homework2.QuizQuestionTest:
INSTRUMENTATION_STATUS: numtests=1
INSTRUMENTATION_STATUS: test=testAuditErrorReturns2JSON
INSTRUMENTATION_STATUS_CODE: 1
INSTRUMENTATION_STATUS: id=InstrumentationTestRunner
INSTRUMENTATION_STATUS: current=1
INSTRUMENTATION_STATUS: class=epfl.sweng.test.homework2.QuizQuestionTest
INSTRUMENTATION_STATUS: stream=
Failure in testAuditErrorReturns2JSON:
junit.framework.AssertionFailedError: expected:<2> but was:<1>
	at epfl.sweng.test.homework2.QuizQuestionTest.testAuditErrorReturns2JSON(QuizQuestionTest.java:301)
	at java.lang.reflect.Method.invokeNative(Native Method)
	at android.test.AndroidTestRunner.runTest(AndroidTestRunner.java:190)
	at android.test.AndroidTestRunner.runTest(AndroidTestRunner.java:175)
	at android.test.InstrumentationTestRunner.onStart(InstrumentationTestRunner.java:555)
	at android.app.Instrumentation$InstrumentationThread.run(Instrumentation.java:1584)

INSTRUMENTATION_STATUS: numtests=1
INSTRUMENTATION_STATUS: stack=junit.framework.AssertionFailedError: expected:<2> but was:<1>
	at epfl.sweng.test.homework2.QuizQuestionTest.testAuditErrorReturns2JSON(QuizQuestionTest.java:301)
	at java.lang.reflect.Method.invokeNative(Native Method)
	at android.test.AndroidTestRunner.runTest(AndroidTestRunner.java:190)
	at android.test.AndroidTestRunner.runTest(AndroidTestRunner.java:175)
	at android.test.InstrumentationTestRunner.onStart(InstrumentationTestRunner.java:555)
	at android.app.Instrumentation$InstrumentationThread.run(Instrumentation.java:1584)

INSTRUMENTATION_STATUS: test=testAuditErrorReturns2JSON
INSTRUMENTATION_STATUS_CODE: -2
INSTRUMENTATION_RESULT: stream=
Test results for InstrumentationTestRunner=.F
Time: 0.068

FAILURES!!!
Tests run: 1,  Failures: 1,  Errors: 0


INSTRUMENTATION_CODE: -1
FAILED: epfl.sweng.test.homework2.QuizQuestionTest#testAuditErrorReturns2JSON
Executing epfl.sweng.test.homework2.QuizQuestionTest#testBlankQuestionBodyConstructor...
PASSED: epfl.sweng.test.homework2.QuizQuestionTest#testBlankQuestionBodyConstructor
Executing epfl.sweng.test.homework2.QuizQuestionTest#testBlankQuestionBodyJSON...
PASSED: epfl.sweng.test.homework2.QuizQuestionTest#testBlankQuestionBodyJSON
Executing epfl.sweng.test.homework2.QuizQuestionTest#testEmptyQuestionBodyConstructor...
PASSED: epfl.sweng.test.homework2.QuizQuestionTest#testEmptyQuestionBodyConstructor
Executing epfl.sweng.test.homework2.QuizQuestionTest#testEmptyQuestionBodyJSON...
PASSED: epfl.sweng.test.homework2.QuizQuestionTest#testEmptyQuestionBodyJSON
Executing epfl.sweng.test.homework2.QuizQuestionTest#testIdIsMissingJSON...
Test failed. Debug output follows...
INSTRUMENTATION_STATUS: id=InstrumentationTestRunner
INSTRUMENTATION_STATUS: current=1
INSTRUMENTATION_STATUS: class=epfl.sweng.test.homework2.QuizQuestionTest
INSTRUMENTATION_STATUS: stream=
epfl.sweng.test.homework2.QuizQuestionTest:
INSTRUMENTATION_STATUS: numtests=1
INSTRUMENTATION_STATUS: test=testIdIsMissingJSON
INSTRUMENTATION_STATUS_CODE: 1
INSTRUMENTATION_STATUS: id=InstrumentationTestRunner
INSTRUMENTATION_STATUS: current=1
INSTRUMENTATION_STATUS: class=epfl.sweng.test.homework2.QuizQuestionTest
INSTRUMENTATION_STATUS: stream=
Error in testIdIsMissingJSON:
org.json.JSONException: No value for id
	at org.json.JSONObject.get(JSONObject.java:354)
	at org.json.JSONObject.getString(JSONObject.java:510)
	at epfl.sweng.quizquestions.QuizQuestion.<init>(QuizQuestion.java:92)
	at epfl.sweng.test.homework2.QuizQuestionTest.testIdIsMissingJSON(QuizQuestionTest.java:181)
	at java.lang.reflect.Method.invokeNative(Native Method)
	at android.test.AndroidTestRunner.runTest(AndroidTestRunner.java:190)
	at android.test.AndroidTestRunner.runTest(AndroidTestRunner.java:175)
	at android.test.InstrumentationTestRunner.onStart(InstrumentationTestRunner.java:555)
	at android.app.Instrumentation$InstrumentationThread.run(Instrumentation.java:1584)

INSTRUMENTATION_STATUS: numtests=1
INSTRUMENTATION_STATUS: stack=org.json.JSONException: No value for id
	at org.json.JSONObject.get(JSONObject.java:354)
	at org.json.JSONObject.getString(JSONObject.java:510)
	at epfl.sweng.quizquestions.QuizQuestion.<init>(QuizQuestion.java:92)
	at epfl.sweng.test.homework2.QuizQuestionTest.testIdIsMissingJSON(QuizQuestionTest.java:181)
	at java.lang.reflect.Method.invokeNative(Native Method)
	at android.test.AndroidTestRunner.runTest(AndroidTestRunner.java:190)
	at android.test.AndroidTestRunner.runTest(AndroidTestRunner.java:175)
	at android.test.InstrumentationTestRunner.onStart(InstrumentationTestRunner.java:555)
	at android.app.Instrumentation$InstrumentationThread.run(Instrumentation.java:1584)

INSTRUMENTATION_STATUS: test=testIdIsMissingJSON
INSTRUMENTATION_STATUS_CODE: -1
INSTRUMENTATION_RESULT: stream=
Test results for InstrumentationTestRunner=.E
Time: 0.075

FAILURES!!!
Tests run: 1,  Failures: 0,  Errors: 1


INSTRUMENTATION_CODE: -1
FAILED: epfl.sweng.test.homework2.QuizQuestionTest#testIdIsMissingJSON
Executing epfl.sweng.test.homework2.QuizQuestionTest#testIdIsNegativeConstructor...
PASSED: epfl.sweng.test.homework2.QuizQuestionTest#testIdIsNegativeConstructor
Executing epfl.sweng.test.homework2.QuizQuestionTest#testIdIsNegativeJSON...
PASSED: epfl.sweng.test.homework2.QuizQuestionTest#testIdIsNegativeJSON
Executing epfl.sweng.test.homework2.QuizQuestionTest#testNegativeSolutionIndexConstructor...
PASSED: epfl.sweng.test.homework2.QuizQuestionTest#testNegativeSolutionIndexConstructor
Executing epfl.sweng.test.homework2.QuizQuestionTest#testNegativeSolutionIndexJSON...
PASSED: epfl.sweng.test.homework2.QuizQuestionTest#testNegativeSolutionIndexJSON
Executing epfl.sweng.test.homework2.QuizQuestionTest#testNoAnswersConstructor...
PASSED: epfl.sweng.test.homework2.QuizQuestionTest#testNoAnswersConstructor
Executing epfl.sweng.test.homework2.QuizQuestionTest#testNoAnswersJSON...
PASSED: epfl.sweng.test.homework2.QuizQuestionTest#testNoAnswersJSON
Executing epfl.sweng.test.homework2.QuizQuestionTest#testNullParameters...
Test failed. Debug output follows...
INSTRUMENTATION_STATUS: id=InstrumentationTestRunner
INSTRUMENTATION_STATUS: current=1
INSTRUMENTATION_STATUS: class=epfl.sweng.test.homework2.QuizQuestionTest
INSTRUMENTATION_STATUS: stream=
epfl.sweng.test.homework2.QuizQuestionTest:
INSTRUMENTATION_STATUS: numtests=1
INSTRUMENTATION_STATUS: test=testNullParameters
INSTRUMENTATION_STATUS_CODE: 1
INSTRUMENTATION_STATUS: id=InstrumentationTestRunner
INSTRUMENTATION_STATUS: current=1
INSTRUMENTATION_STATUS: class=epfl.sweng.test.homework2.QuizQuestionTest
INSTRUMENTATION_STATUS: stream=
Error in testNullParameters:
java.lang.NullPointerException
	at epfl.sweng.quizquestions.QuizQuestion.setTags(QuizQuestion.java:351)
	at epfl.sweng.quizquestions.QuizQuestion.<init>(QuizQuestion.java:54)
	at epfl.sweng.test.homework2.QuizQuestionTest.testNullParameters(QuizQuestionTest.java:311)
	at java.lang.reflect.Method.invokeNative(Native Method)
	at android.test.AndroidTestRunner.runTest(AndroidTestRunner.java:190)
	at android.test.AndroidTestRunner.runTest(AndroidTestRunner.java:175)
	at android.test.InstrumentationTestRunner.onStart(InstrumentationTestRunner.java:555)
	at android.app.Instrumentation$InstrumentationThread.run(Instrumentation.java:1584)

INSTRUMENTATION_STATUS: numtests=1
INSTRUMENTATION_STATUS: stack=java.lang.NullPointerException
	at epfl.sweng.quizquestions.QuizQuestion.setTags(QuizQuestion.java:351)
	at epfl.sweng.quizquestions.QuizQuestion.<init>(QuizQuestion.java:54)
	at epfl.sweng.test.homework2.QuizQuestionTest.testNullParameters(QuizQuestionTest.java:311)
	at java.lang.reflect.Method.invokeNative(Native Method)
	at android.test.AndroidTestRunner.runTest(AndroidTestRunner.java:190)
	at android.test.AndroidTestRunner.runTest(AndroidTestRunner.java:175)
	at android.test.InstrumentationTestRunner.onStart(InstrumentationTestRunner.java:555)
	at android.app.Instrumentation$InstrumentationThread.run(Instrumentation.java:1584)

INSTRUMENTATION_STATUS: test=testNullParameters
INSTRUMENTATION_STATUS_CODE: -1
INSTRUMENTATION_RESULT: stream=
Test results for InstrumentationTestRunner=.E
Time: 0.058

FAILURES!!!
Tests run: 1,  Failures: 0,  Errors: 1


INSTRUMENTATION_CODE: -1
FAILED: epfl.sweng.test.homework2.QuizQuestionTest#testNullParameters
Executing epfl.sweng.test.homework2.QuizQuestionTest#testOneAnswerConstructor...
PASSED: epfl.sweng.test.homework2.QuizQuestionTest#testOneAnswerConstructor
Executing epfl.sweng.test.homework2.QuizQuestionTest#testOneAnswerJSON...
PASSED: epfl.sweng.test.homework2.QuizQuestionTest#testOneAnswerJSON
Executing epfl.sweng.test.homework2.QuizQuestionTest#testOutOfBoundsSolutionIndexConstructor...
PASSED: epfl.sweng.test.homework2.QuizQuestionTest#testOutOfBoundsSolutionIndexConstructor
Executing epfl.sweng.test.homework2.QuizQuestionTest#testOutOfBoundsSolutionIndexJSON...
PASSED: epfl.sweng.test.homework2.QuizQuestionTest#testOutOfBoundsSolutionIndexJSON
Executing epfl.sweng.test.homework2.QuizQuestionTest#testQuestionJSONIllegal...
PASSED: epfl.sweng.test.homework2.QuizQuestionTest#testQuestionJSONIllegal
Executing epfl.sweng.test.homework2.QuizQuestionTest#testQuestionOKConstructor...
PASSED: epfl.sweng.test.homework2.QuizQuestionTest#testQuestionOKConstructor
Executing epfl.sweng.test.homework2.QuizQuestionTest#testQuestionOKJSON...
PASSED: epfl.sweng.test.homework2.QuizQuestionTest#testQuestionOKJSON
Executing epfl.sweng.test.homework2.QuizQuestionTest#testTagLenghtGreaterThan20Constructor...
PASSED: epfl.sweng.test.homework2.QuizQuestionTest#testTagLenghtGreaterThan20Constructor
Executing epfl.sweng.test.homework2.QuizQuestionTest#testTagLenghtGreaterThan20JSON...
PASSED: epfl.sweng.test.homework2.QuizQuestionTest#testTagLenghtGreaterThan20JSON
Executing epfl.sweng.test.homework2.QuizQuestionTest#testTooLongAUserConstructor...
Test failed. Debug output follows...
INSTRUMENTATION_STATUS: id=InstrumentationTestRunner
INSTRUMENTATION_STATUS: current=1
INSTRUMENTATION_STATUS: class=epfl.sweng.test.homework2.QuizQuestionTest
INSTRUMENTATION_STATUS: stream=
epfl.sweng.test.homework2.QuizQuestionTest:
INSTRUMENTATION_STATUS: numtests=1
INSTRUMENTATION_STATUS: test=testTooLongAUserConstructor
INSTRUMENTATION_STATUS_CODE: 1
INSTRUMENTATION_STATUS: id=InstrumentationTestRunner
INSTRUMENTATION_STATUS: current=1
INSTRUMENTATION_STATUS: class=epfl.sweng.test.homework2.QuizQuestionTest
INSTRUMENTATION_STATUS: stream=
Failure in testTooLongAUserConstructor:
junit.framework.AssertionFailedError: expected:<1> but was:<0>
	at epfl.sweng.test.homework2.QuizQuestionTest.testTooLongAUserConstructor(QuizQuestionTest.java:282)
	at java.lang.reflect.Method.invokeNative(Native Method)
	at android.test.AndroidTestRunner.runTest(AndroidTestRunner.java:190)
	at android.test.AndroidTestRunner.runTest(AndroidTestRunner.java:175)
	at android.test.InstrumentationTestRunner.onStart(InstrumentationTestRunner.java:555)
	at android.app.Instrumentation$InstrumentationThread.run(Instrumentation.java:1584)

INSTRUMENTATION_STATUS: numtests=1
INSTRUMENTATION_STATUS: stack=junit.framework.AssertionFailedError: expected:<1> but was:<0>
	at epfl.sweng.test.homework2.QuizQuestionTest.testTooLongAUserConstructor(QuizQuestionTest.java:282)
	at java.lang.reflect.Method.invokeNative(Native Method)
	at android.test.AndroidTestRunner.runTest(AndroidTestRunner.java:190)
	at android.test.AndroidTestRunner.runTest(AndroidTestRunner.java:175)
	at android.test.InstrumentationTestRunner.onStart(InstrumentationTestRunner.java:555)
	at android.app.Instrumentation$InstrumentationThread.run(Instrumentation.java:1584)

INSTRUMENTATION_STATUS: test=testTooLongAUserConstructor
INSTRUMENTATION_STATUS_CODE: -2
INSTRUMENTATION_RESULT: stream=
Test results for InstrumentationTestRunner=.F
Time: 0.06

FAILURES!!!
Tests run: 1,  Failures: 1,  Errors: 0


INSTRUMENTATION_CODE: -1
FAILED: epfl.sweng.test.homework2.QuizQuestionTest#testTooLongAUserConstructor
Executing epfl.sweng.test.homework2.QuizQuestionTest#testTooLongAUserJSON...
Test failed. Debug output follows...
INSTRUMENTATION_STATUS: id=InstrumentationTestRunner
INSTRUMENTATION_STATUS: current=1
INSTRUMENTATION_STATUS: class=epfl.sweng.test.homework2.QuizQuestionTest
INSTRUMENTATION_STATUS: stream=
epfl.sweng.test.homework2.QuizQuestionTest:
INSTRUMENTATION_STATUS: numtests=1
INSTRUMENTATION_STATUS: test=testTooLongAUserJSON
INSTRUMENTATION_STATUS_CODE: 1
INSTRUMENTATION_STATUS: id=InstrumentationTestRunner
INSTRUMENTATION_STATUS: current=1
INSTRUMENTATION_STATUS: class=epfl.sweng.test.homework2.QuizQuestionTest
INSTRUMENTATION_STATUS: stream=
Failure in testTooLongAUserJSON:
junit.framework.AssertionFailedError: expected:<1> but was:<0>
	at epfl.sweng.test.homework2.QuizQuestionTest.testTooLongAUserJSON(QuizQuestionTest.java:166)
	at java.lang.reflect.Method.invokeNative(Native Method)
	at android.test.AndroidTestRunner.runTest(AndroidTestRunner.java:190)
	at android.test.AndroidTestRunner.runTest(AndroidTestRunner.java:175)
	at android.test.InstrumentationTestRunner.onStart(InstrumentationTestRunner.java:555)
	at android.app.Instrumentation$InstrumentationThread.run(Instrumentation.java:1584)

INSTRUMENTATION_STATUS: numtests=1
INSTRUMENTATION_STATUS: stack=junit.framework.AssertionFailedError: expected:<1> but was:<0>
	at epfl.sweng.test.homework2.QuizQuestionTest.testTooLongAUserJSON(QuizQuestionTest.java:166)
	at java.lang.reflect.Method.invokeNative(Native Method)
	at android.test.AndroidTestRunner.runTest(AndroidTestRunner.java:190)
	at android.test.AndroidTestRunner.runTest(AndroidTestRunner.java:175)
	at android.test.InstrumentationTestRunner.onStart(InstrumentationTestRunner.java:555)
	at android.app.Instrumentation$InstrumentationThread.run(Instrumentation.java:1584)

INSTRUMENTATION_STATUS: test=testTooLongAUserJSON
INSTRUMENTATION_STATUS_CODE: -2
INSTRUMENTATION_RESULT: stream=
Test results for InstrumentationTestRunner=.F
Time: 0.067

FAILURES!!!
Tests run: 1,  Failures: 1,  Errors: 0


INSTRUMENTATION_CODE: -1
FAILED: epfl.sweng.test.homework2.QuizQuestionTest#testTooLongAUserJSON
Executing epfl.sweng.test.homework2.QuizQuestionTest#testTooLongQuestionBodyConstructor...
PASSED: epfl.sweng.test.homework2.QuizQuestionTest#testTooLongQuestionBodyConstructor
Executing epfl.sweng.test.homework2.QuizQuestionTest#testTooLongQuestionBodyJSON...
PASSED: epfl.sweng.test.homework2.QuizQuestionTest#testTooLongQuestionBodyJSON
Executing epfl.sweng.test.homework2.QuizQuestionTest#testWrongUserConstructor...
PASSED: epfl.sweng.test.homework2.QuizQuestionTest#testWrongUserConstructor
Executing epfl.sweng.test.homework2.QuizQuestionTest#testWrongUserJSON...
PASSED: epfl.sweng.test.homework2.QuizQuestionTest#testWrongUserJSON
Executing epfl.sweng.test.homework2.SubmitQuestionTest#testAAOnCreate...
PASSED: epfl.sweng.test.homework2.SubmitQuestionTest#testAAOnCreate
Executing epfl.sweng.test.homework2.SubmitQuestionTest#testAddAnswerThenRemoveFirst...
PASSED: epfl.sweng.test.homework2.SubmitQuestionTest#testAddAnswerThenRemoveFirst
Executing epfl.sweng.test.homework2.SubmitQuestionTest#testAddAnswerThenRemoveSecond...
PASSED: epfl.sweng.test.homework2.SubmitQuestionTest#testAddAnswerThenRemoveSecond
Executing epfl.sweng.test.homework2.SubmitQuestionTest#testCannotSubmitWithAllAnswersRemoved...
PASSED: epfl.sweng.test.homework2.SubmitQuestionTest#testCannotSubmitWithAllAnswersRemoved
Executing epfl.sweng.test.homework2.SubmitQuestionTest#testCannotSubmitWithEmptyAnswer...
PASSED: epfl.sweng.test.homework2.SubmitQuestionTest#testCannotSubmitWithEmptyAnswer
Executing epfl.sweng.test.homework2.SubmitQuestionTest#testCannotSubmitWithoutCorrectAnswer...
PASSED: epfl.sweng.test.homework2.SubmitQuestionTest#testCannotSubmitWithoutCorrectAnswer
Executing epfl.sweng.test.homework2.SubmitQuestionTest#testCannotSubmitWithoutQuestion...
PASSED: epfl.sweng.test.homework2.SubmitQuestionTest#testCannotSubmitWithoutQuestion
Executing epfl.sweng.test.homework2.SubmitQuestionTest#testClickAddAnswerButton...
PASSED: epfl.sweng.test.homework2.SubmitQuestionTest#testClickAddAnswerButton
Executing epfl.sweng.test.homework2.SubmitQuestionTest#testFindAnswerField...
PASSED: epfl.sweng.test.homework2.SubmitQuestionTest#testFindAnswerField
Executing epfl.sweng.test.homework2.SubmitQuestionTest#testFindIncorrectField...
PASSED: epfl.sweng.test.homework2.SubmitQuestionTest#testFindIncorrectField
Executing epfl.sweng.test.homework2.SubmitQuestionTest#testFindQuestionsBodyField...
PASSED: epfl.sweng.test.homework2.SubmitQuestionTest#testFindQuestionsBodyField
Executing epfl.sweng.test.homework2.SubmitQuestionTest#testFindRemoveField...
PASSED: epfl.sweng.test.homework2.SubmitQuestionTest#testFindRemoveField
Executing epfl.sweng.test.homework2.SubmitQuestionTest#testFindSubmitButton...
PASSED: epfl.sweng.test.homework2.SubmitQuestionTest#testFindSubmitButton
Executing epfl.sweng.test.homework2.SubmitQuestionTest#testFindTagsField...
PASSED: epfl.sweng.test.homework2.SubmitQuestionTest#testFindTagsField
Executing epfl.sweng.test.homework2.SubmitQuestionTest#testOnlyOneAnswerIsCorrect...
PASSED: epfl.sweng.test.homework2.SubmitQuestionTest#testOnlyOneAnswerIsCorrect
Executing epfl.sweng.test.homework2.SubmitQuestionTest#testSubmitButtonIsDisabled...
PASSED: epfl.sweng.test.homework2.SubmitQuestionTest#testSubmitButtonIsDisabled
Executing epfl.sweng.test.homework2.SubmitQuestionTest#testSubmitQuestion...
PASSED: epfl.sweng.test.homework2.SubmitQuestionTest#testSubmitQuestion
Executing epfl.sweng.test.homework2.SubmitQuestionTest#testSubmitQuestionWithToggledAnswer...
PASSED: epfl.sweng.test.homework2.SubmitQuestionTest#testSubmitQuestionWithToggledAnswer
If you feel that there is an error in the testing process,
please write a private note on Piazza
Your code coverage is the one from Jenkins's hw2 job
